
다음에 접속됨: Oracle Database 11g Enterprise Edition Release 11.2.0.1.0 - 64bit Production
With the Partitioning, OLAP, Data Mining and Real Application Testing options
KO16MSWIN949 문자 설정과 AL16UTF16 NCHAR 문자 설정에서 익스포트가 종료되었습니다
. 스키마 이전 단계의 객체와 작업을 엑스포트합니다\r

. DREAMCATCHER 사용자를 위해 외래 함수 라이브러리 이름을 엑스포트합니다 
. PUBLIC 유형 동의어 익스포트 중
. 전용 유형 동의어 익스포트 중
. DREAMCATCHER 사용자의 객체 유형 정의를 익스포트합니다.
DREAMCATCHER의 객체를 익스포트하려고 합니다 ...
. 데이터베이스 링크 익스포트 중
. 순차 번호 익스포트 중
. 클러스터 정의 익스포트 중
. DREAMCATCHER의 테이블을 익스포트하려고 합니다 via 디렉토리 경로 ...
. .                        LOCATION 테이블 익스포트 중         21 행이 엑스포트됨
. .                          MEMBER 테이블 익스포트 중          2 행이 엑스포트됨
. .                          NATION 테이블 익스포트 중        243 행이 엑스포트됨
. .                            PLAN 테이블 익스포트 중         30 행이 엑스포트됨
. .                           ROUTE 테이블 익스포트 중         10 행이 엑스포트됨
. .                    ROUTE_DETAIL 테이블 익스포트 중         69 행이 엑스포트됨
. .                     ROUTE_REPLY 테이블 익스포트 중          5 행이 엑스포트됨
. .                      ROUTE_VOTE 테이블 익스포트 중          5 행이 엑스포트됨
. .                            SITE 테이블 익스포트 중         27 행이 엑스포트됨
테이블 SITE_DETAIL은(는) 기본 경로로 엑스포트됩니다.
. .                     SITE_DETAIL 테이블 익스포트 중         27 행이 엑스포트됨
. .                      SITE_IMAGE 테이블 익스포트 중         27 행이 엑스포트됨
. .                      SITE_REPLY 테이블 익스포트 중          2 행이 엑스포트됨
. .                       SITE_VOTE 테이블 익스포트 중          2 행이 엑스포트됨
. 동의어 익스포트 중
. 뷰 익스포트 중
. 저장 프로시저 익스포트 중
. 작업을 엑스포트합니다
. 참조 무결성 제약조건 익스포트 중
. 트리거 익스포트 중
. 인덱스유형을 엑스포팅합니다
. 비트맵, 함수, 기능과 확장 가능한 인덱스들을 엑스포트합니다
. 이후 테이블 처리 익스포트 중
. 구체화된 뷰 익스포트 중
. 스냅샷 로그 익스포트 중
. 작업 대기열 익스포트 중
. 새로 고침 그룹과 하위 그룹 익스포트 중
. 차원을 엑스포트합니다
. 스키마 이후 단계의 객체와 작업을 엑스포트합니다\r

. 통계를 엑스포트합니다
익스포트가 경고 없이 정상적으로 종료되었습니다.
